SonarCloud plugins:
  - JaCoCo 1.3.0.1538 (jacoco)
  - License for SonarLint 8.0.0.54625 (license)
  - Python Code Quality and Security 4.18.0.15334 (python)
  - IaC Code Quality and Security 1.31.0.10579 (iac)
  - Text Code Quality and Security 2.10.0.2188 (text)
  - XML Code Quality and Security 2.10.0.4108 (xml)
Project server settings:
  - sonar.abap.file.suffixes=.abap,.ab4,.flow,.asprog
  - sonar.apex.file.suffixes=.cls,.trigger
  - sonar.autoscan.enabled=false
  - sonar.azureresourcemanager.file.suffixes=.bicep
  - sonar.c.file.suffixes=.c,.h
  - sonar.cpp.file.suffixes=.cc,.cpp,.cxx,.c++,.hh,.hpp,.hxx,.h++,.ipp
  - sonar.cs.file.suffixes=.cs,.razor
  - sonar.css.file.suffixes=.css,.less,.scss,.sass
  - sonar.docker.file.patterns=Dockerfile,*.dockerfile
  - sonar.flex.file.suffixes=as
  - sonar.go.file.suffixes=.go
  - sonar.html.file.suffixes=.html,.xhtml,.cshtml,.vbhtml,.aspx,.ascx,.rhtml,.erb,.shtm,.shtml,.cmp,.twig
  - sonar.java.file.suffixes=.java,.jav
  - sonar.java.springconfig.file.patterns=**/src/main/resources/**/application*.properties,**/src/main/resources/**/application*.yaml,**/src/main/resources/**/application*.yml
  - sonar.javascript.file.suffixes=.js,.jsx,.cjs,.mjs,.vue
  - sonar.json.file.suffixes=.json
  - sonar.jsp.file.suffixes=.jsp,.jspf,.jspx
  - sonar.kotlin.file.suffixes=.kt,.kts
  - sonar.objc.file.suffixes=.m
  - sonar.php.file.suffixes=php,php3,php4,php5,phtml,inc
  - sonar.pli.file.suffixes=.pli
  - sonar.plsql.file.suffixes=sql,tab,pkb
  - sonar.python.file.suffixes=py
  - sonar.rpg.file.suffixes=.rpg,.rpgle,.sqlrpgle,.RPG,.RPGLE,.SQLRPGLE
  - sonar.ruby.file.suffixes=.rb
  - sonar.scala.file.suffixes=.scala
  - sonar.swift.file.suffixes=.swift
  - sonar.terraform.file.suffixes=.tf
  - sonar.tsql.file.suffixes=.tsql
  - sonar.typescript.file.suffixes=.ts,.tsx,.cts,.mts
  - sonar.vb.file.suffixes=.bas,.frm,.ctl
  - sonar.vbnet.file.suffixes=.vb
  - sonar.xml.file.suffixes=.xml,.xsd,.xsl,.config
  - sonar.yaml.file.suffixes=.yaml,.yml
Project scanner properties:
  - sonar.exclusions=node_modules/**zadanie5**
  - sonar.host.url=https://sonarcloud.io
  - sonar.login=******
  - sonar.organization=bananky
  - sonar.projectBaseDir=/Users/paulinawojnarska/Documents/studia/magisterskie/semestr ii/projektowanie obiektowe/projektowanie-obiektowe/zadanie6
  - sonar.projectKey=bananky_projektowanie-obiektowe
  - sonar.scanner.app=ScannerCLI
  - sonar.scanner.appVersion=5.0.1.3006
  - sonar.scanner.home=/opt/homebrew/Cellar/sonar-scanner/5.0.1.3006/libexec
  - sonar.sourceEncoding=UTF-8
  - sonar.sources=zadanie5
  - sonar.working.directory=/Users/paulinawojnarska/Documents/studia/magisterskie/semestr ii/projektowanie obiektowe/projektowanie-obiektowe/zadanie6/.scannerwork
